  p_client.c
C:\Users\death\Desktop\Quake2mod\It266-Final\ctf\p_client.c(56,31): warning C4996: 'stricmp': The POSIX name for this item is deprecated. Instead, use the ISO C and C++ conformant name: _stricmp. See online help for details.
C:\Users\death\Desktop\Quake2mod\It266-Final\ctf\p_client.c(74,5): warning C4996: 'stricmp': The POSIX name for this item is deprecated. Instead, use the ISO C and C++ conformant name: _stricmp. See online help for details.
C:\Users\death\Desktop\Quake2mod\It266-Final\ctf\p_client.c(70,42): warning C4100: 'self': unreferenced formal parameter
C:\Users\death\Desktop\Quake2mod\It266-Final\ctf\p_client.c(112,5): warning C4996: 'stricmp': The POSIX name for this item is deprecated. Instead, use the ISO C and C++ conformant name: _stricmp. See online help for details.
C:\Users\death\Desktop\Quake2mod\It266-Final\ctf\p_client.c(145,6): warning C4996: 'stricmp': The POSIX name for this item is deprecated. Instead, use the ISO C and C++ conformant name: _stricmp. See online help for details.
C:\Users\death\Desktop\Quake2mod\It266-Final\ctf\p_client.c(146,6): warning C4996: 'stricmp': The POSIX name for this item is deprecated. Instead, use the ISO C and C++ conformant name: _stricmp. See online help for details.
C:\Users\death\Desktop\Quake2mod\It266-Final\ctf\p_client.c(147,6): warning C4996: 'stricmp': The POSIX name for this item is deprecated. Instead, use the ISO C and C++ conformant name: _stricmp. See online help for details.
C:\Users\death\Desktop\Quake2mod\It266-Final\ctf\p_client.c(148,6): warning C4996: 'stricmp': The POSIX name for this item is deprecated. Instead, use the ISO C and C++ conformant name: _stricmp. See online help for details.
C:\Users\death\Desktop\Quake2mod\It266-Final\ctf\p_client.c(149,6): warning C4996: 'stricmp': The POSIX name for this item is deprecated. Instead, use the ISO C and C++ conformant name: _stricmp. See online help for details.
C:\Users\death\Desktop\Quake2mod\It266-Final\ctf\p_client.c(150,6): warning C4996: 'stricmp': The POSIX name for this item is deprecated. Instead, use the ISO C and C++ conformant name: _stricmp. See online help for details.
C:\Users\death\Desktop\Quake2mod\It266-Final\ctf\p_client.c(151,6): warning C4996: 'stricmp': The POSIX name for this item is deprecated. Instead, use the ISO C and C++ conformant name: _stricmp. See online help for details.
C:\Users\death\Desktop\Quake2mod\It266-Final\ctf\p_client.c(152,6): warning C4996: 'stricmp': The POSIX name for this item is deprecated. Instead, use the ISO C and C++ conformant name: _stricmp. See online help for details.
C:\Users\death\Desktop\Quake2mod\It266-Final\ctf\p_client.c(153,6): warning C4996: 'stricmp': The POSIX name for this item is deprecated. Instead, use the ISO C and C++ conformant name: _stricmp. See online help for details.
C:\Users\death\Desktop\Quake2mod\It266-Final\ctf\p_client.c(154,6): warning C4996: 'stricmp': The POSIX name for this item is deprecated. Instead, use the ISO C and C++ conformant name: _stricmp. See online help for details.
C:\Users\death\Desktop\Quake2mod\It266-Final\ctf\p_client.c(155,6): warning C4996: 'stricmp': The POSIX name for this item is deprecated. Instead, use the ISO C and C++ conformant name: _stricmp. See online help for details.
C:\Users\death\Desktop\Quake2mod\It266-Final\ctf\p_client.c(156,6): warning C4996: 'stricmp': The POSIX name for this item is deprecated. Instead, use the ISO C and C++ conformant name: _stricmp. See online help for details.
C:\Users\death\Desktop\Quake2mod\It266-Final\ctf\p_client.c(157,6): warning C4996: 'stricmp': The POSIX name for this item is deprecated. Instead, use the ISO C and C++ conformant name: _stricmp. See online help for details.
C:\Users\death\Desktop\Quake2mod\It266-Final\ctf\p_client.c(158,6): warning C4996: 'stricmp': The POSIX name for this item is deprecated. Instead, use the ISO C and C++ conformant name: _stricmp. See online help for details.
C:\Users\death\Desktop\Quake2mod\It266-Final\ctf\p_client.c(179,66): warning C4100: 'damage': unreferenced formal parameter
C:\Users\death\Desktop\Quake2mod\It266-Final\ctf\p_client.c(179,56): warning C4100: 'kick': unreferenced formal parameter
C:\Users\death\Desktop\Quake2mod\It266-Final\ctf\p_client.c(179,43): warning C4100: 'other': unreferenced formal parameter
C:\Users\death\Desktop\Quake2mod\It266-Final\ctf\p_client.c(179,28): warning C4100: 'self': unreferenced formal parameter
C:\Users\death\Desktop\Quake2mod\It266-Final\ctf\p_client.c(199,46): warning C4100: 'inflictor': unreferenced formal parameter
C:\Users\death\Desktop\Quake2mod\It266-Final\ctf\p_client.c(489,91): warning C4100: 'point': unreferenced formal parameter
C:\Users\death\Desktop\Quake2mod\It266-Final\ctf\p_client.c(964,89): warning C4100: 'point': unreferenced formal parameter
C:\Users\death\Desktop\Quake2mod\It266-Final\ctf\p_client.c(964,60): warning C4100: 'attacker': unreferenced formal parameter
C:\Users\death\Desktop\Quake2mod\It266-Final\ctf\p_client.c(964,40): warning C4100: 'inflictor': unreferenced formal parameter
C:\Users\death\Desktop\Quake2mod\It266-Final\ctf\p_client.c(1315,3): warning C4996: 'strcpy': This function or variable may be unsafe. Consider using strcpy_s instead. To disable deprecation, use _CRT_SECURE_NO_WARNINGS. See online help for details.
C:\Users\death\Desktop\Quake2mod\It266-Final\ctf\p_client.c(1320,2): warning C4996: 'strncpy': This function or variable may be unsafe. Consider using strncpy_s instead. To disable deprecation, use _CRT_SECURE_NO_WARNINGS. See online help for details.
C:\Users\death\Desktop\Quake2mod\It266-Final\ctf\p_client.c(1357,2): warning C4996: 'strncpy': This function or variable may be unsafe. Consider using strncpy_s instead. To disable deprecation, use _CRT_SECURE_NO_WARNINGS. See online help for details.
C:\Users\death\Desktop\Quake2mod\It266-Final\ctf\p_client.c(1511,2): warning C4996: 'strcpy': This function or variable may be unsafe. Consider using strcpy_s instead. To disable deprecation, use _CRT_SECURE_NO_WARNINGS. See online help for details.
C:\Users\death\Desktop\Quake2mod\It266-Final\ctf\p_client.c(1512,2): warning C4996: 'strcat': This function or variable may be unsafe. Consider using strcat_s instead. To disable deprecation, use _CRT_SECURE_NO_WARNINGS. See online help for details.
C:\Users\death\Desktop\Quake2mod\It266-Final\ctf\p_client.c(1513,29): warning C4133: 'function': incompatible types - from 'gclient_s *' to 'edict_t *'
C:\Users\death\Desktop\Quake2mod\It266-Final\ctf\p_client.c(1507,2): warning C4996: 'itoa': The POSIX name for this item is deprecated. Instead, use the ISO C and C++ conformant name: _itoa. See online help for details.
C:\Program Files\Microsoft Visual Studio\2022\Community\MSBuild\Microsoft\VC\v170\Microsoft.CppBuild.targets(1374,5): warning MSB8012: TargetPath(C:\Users\death\Desktop\Quake2mod\It266-Final\ctf\release\ctf.dll) does not match the Linker's OutputFile property value (C:\Users\death\Desktop\Quake2mod\It266-Final\ctf\release\gamex86.dll). This may cause your project to build incorrectly. To correct this, please make sure that $(OutDir), $(TargetName) and $(TargetExt) property values match the value specified in %(Link.OutputFile).
C:\Program Files\Microsoft Visual Studio\2022\Community\MSBuild\Microsoft\VC\v170\Microsoft.CppBuild.targets(1376,5): warning MSB8012: TargetName(ctf) does not match the Linker's OutputFile property value (gamex86). This may cause your project to build incorrectly. To correct this, please make sure that $(OutDir), $(TargetName) and $(TargetExt) property values match the value specified in %(Link.OutputFile).
     Creating library .\release\gamex86.lib and object .\release\gamex86.exp
  ctf.vcxproj -> C:\Users\death\Desktop\Quake2mod\It266-Final\ctf\release\ctf.dll
